Log file open, 06/05/21 21:57:49
LogInit: Display: Running engine for game: TeamProject
LogPlatformFile: Not using cached read wrapper
LogTaskGraph: Started task graph with 5 named threads and 23 total threads with 3 sets of task threads.
LogStats: Stats thread started at 0.253925
LogD3D11RHI: Loaded GFSDK_Aftermath_Lib.x64.dll
LogICUInternationalization: ICU TimeZone Detection - Raw Offset: +9:00, Platform Override: ''
LogPluginManager: Mounting plugin Paper2D
LogPluginManager: Mounting plugin AISupport
LogPluginManager: Mounting plugin LightPropagationVolume
LogPluginManager: Mounting plugin CameraShakePreviewer
LogPluginManager: Mounting plugin ActorLayerUtilities
LogPluginManager: Mounting plugin AnimationSharing
LogPluginManager: Mounting plugin CLionSourceCodeAccess
LogPluginManager: Mounting plugin CodeLiteSourceCodeAccess
LogPluginManager: Mounting plugin GitSourceControl
LogPluginManager: Mounting plugin KDevelopSourceCodeAccess
LogPluginManager: Mounting plugin NullSourceCodeAccess
LogPluginManager: Mounting plugin PerforceSourceControl
LogPluginManager: Mounting plugin PlasticSourceControl
LogPluginManager: Mounting plugin RiderSourceCodeAccess
LogPluginManager: Mounting plugin SubversionSourceControl
LogPluginManager: Mounting plugin UObjectPlugin
LogPluginManager: Mounting plugin VisualStudioCodeSourceCodeAccess
LogPluginManager: Mounting plugin VisualStudioSourceCodeAccess
LogPluginManager: Mounting plugin XCodeSourceCodeAccess
LogPluginManager: Mounting plugin AssetManagerEditor
LogPluginManager: Mounting plugin CryptoKeys
LogPluginManager: Mounting plugin CurveEditorTools
LogPluginManager: Mounting plugin DataValidation
LogPluginManager: Mounting plugin EditorScriptingUtilities
LogPluginManager: Mounting plugin FacialAnimation
LogPluginManager: Mounting plugin GameplayTagsEditor
LogPluginManager: Mounting plugin GeometryMode
LogPluginManager: Mounting plugin MacGraphicsSwitching
LogPluginManager: Mounting plugin MaterialAnalyzer
LogPluginManager: Mounting plugin MobileLauncherProfileWizard
LogPluginManager: Mounting plugin PluginBrowser
LogPluginManager: Mounting plugin SpeedTreeImporter
LogPluginManager: Mounting plugin DatasmithContent
LogPluginManager: Mounting plugin VariantManagerContent
LogPluginManager: Mounting plugin AlembicImporter
LogPluginManager: Mounting plugin AutomationUtils
LogPluginManager: Mounting plugin BackChannel
LogPluginManager: Mounting plugin ChaosCloth
LogPluginManager: Mounting plugin ChaosClothEditor
LogPluginManager: Mounting plugin ChaosEditor
LogPluginManager: Mounting plugin ChaosNiagara
LogPluginManager: Mounting plugin ChaosSolverPlugin
LogPluginManager: Mounting plugin CharacterAI
LogPluginManager: Mounting plugin GeometryCache
LogPluginManager: Mounting plugin GeometryCollectionPlugin
LogPluginManager: Mounting plugin GeometryProcessing
LogPluginManager: Mounting plugin PlanarCut
LogPluginManager: Mounting plugin PlatformCrypto
LogPluginManager: Mounting plugin ProxyLODPlugin
LogPluginManager: Mounting plugin SkeletalReduction
LogPluginManager: Mounting plugin Niagara
LogPluginManager: Mounting plugin MagicLeap
LogPluginManager: Mounting plugin MagicLeapLightEstimation
LogPluginManager: Mounting plugin MagicLeapMedia
LogPluginManager: Mounting plugin MagicLeapPassableWorld
LogPluginManager: Mounting plugin MLSDK
LogPluginManager: Mounting plugin AndroidMedia
LogPluginManager: Mounting plugin AvfMedia
LogPluginManager: Mounting plugin ImgMedia
LogPluginManager: Mounting plugin MediaCompositing
LogPluginManager: Mounting plugin MediaPlayerEditor
LogPluginManager: Mounting plugin WebMMedia
LogPluginManager: Mounting plugin WmfMedia
LogPluginManager: Mounting plugin MeshPainting
LogPluginManager: Mounting plugin TcpMessaging
LogPluginManager: Mounting plugin UdpMessaging
LogPluginManager: Mounting plugin ActorSequence
LogPluginManager: Mounting plugin LevelSequenceEditor
LogPluginManager: Mounting plugin MatineeToLevelSequence
LogPluginManager: Mounting plugin MovieRenderPipeline
LogPluginManager: Mounting plugin TemplateSequence
LogPluginManager: Mounting plugin NetcodeUnitTest
LogPluginManager: Mounting plugin NUTUnrealEngine4
LogPluginManager: Mounting plugin OnlineSubsystemGooglePlay
LogPluginManager: Mounting plugin OnlineSubsystemIOS
LogPluginManager: Mounting plugin OnlineSubsystem
LogPluginManager: Mounting plugin OnlineSubsystemNull
LogPluginManager: Mounting plugin OnlineSubsystemUtils
LogPluginManager: Mounting plugin LauncherChunkInstaller
LogPluginManager: Mounting plugin AndroidDeviceProfileSelector
LogPluginManager: Mounting plugin AndroidMoviePlayer
LogPluginManager: Mounting plugin AndroidPermission
LogPluginManager: Mounting plugin AppleImageUtils
LogPluginManager: Mounting plugin AppleMoviePlayer
LogPluginManager: Mounting plugin ArchVisCharacter
LogPluginManager: Mounting plugin AssetTags
LogPluginManager: Mounting plugin AudioCapture
LogPluginManager: Mounting plugin CableComponent
LogPluginManager: Mounting plugin CustomMeshComponent
LogPluginManager: Mounting plugin EditableMesh
LogPluginManager: Mounting plugin ExampleDeviceProfileSelector
LogPluginManager: Mounting plugin GoogleCloudMessaging
LogPluginManager: Mounting plugin GooglePAD
LogPluginManager: Mounting plugin IOSDeviceProfileSelector
LogPluginManager: Mounting plugin LinuxDeviceProfileSelector
LogPluginManager: Mounting plugin LocationServicesBPLibrary
LogPluginManager: Mounting plugin MobilePatchingUtils
LogPluginManager: Mounting plugin OculusVR
LogPluginManager: Mounting plugin PhysXVehicles
LogPluginManager: Mounting plugin PostSplashScreen
LogPluginManager: Mounting plugin ProceduralMeshComponent
LogPluginManager: Mounting plugin RuntimePhysXCooking
LogPluginManager: Mounting plugin SignificanceManager
LogPluginManager: Mounting plugin SoundFields
LogPluginManager: Mounting plugin SteamVR
LogPluginManager: Mounting plugin Synthesis
LogPluginManager: Mounting plugin WebMMoviePlayer
LogPluginManager: Mounting plugin WindowsMoviePlayer
LogPluginManager: Mounting plugin ScreenshotTools
LogInit: Using libcurl 7.55.1-DEV
LogInit:  - built for x86_64-pc-win32
LogInit:  - supports SSL with OpenSSL/1.1.1
LogInit:  - supports HTTP deflate (compression) using libz 1.2.8
LogInit:  - other features:
LogInit:      CURL_VERSION_SSL
LogInit:      CURL_VERSION_LIBZ
LogInit:      CURL_VERSION_IPV6
LogInit:      CURL_VERSION_ASYNCHDNS
LogInit:      CURL_VERSION_LARGEFILE
LogInit:      CURL_VERSION_IDN
LogInit:  CurlRequestOptions (configurable via config and command line):
LogInit:  - bVerifyPeer = true  - Libcurl will verify peer certificate
LogInit:  - bUseHttpProxy = false  - Libcurl will NOT use HTTP proxy
LogInit:  - bDontReuseConnections = false  - Libcurl will reuse connections
LogInit:  - MaxHostConnections = 16  - Libcurl will limit the number of connections to a host
LogInit:  - LocalHostAddr = Default
LogInit:  - BufferSize = 65536
LogOnline: OSS: Creating online subsystem instance for: NULL
LogInit: WinSock: version 1.1 (2.2), MaxSocks=32767, MaxUdp=65467
LogOnline: OSS: TryLoadSubsystemAndSetDefault: Loaded subsystem for module [NULL]
LogOculusPluginWrapper: OculusPlugin initialized successfully
LogHMD: Failed initializing OVRPlugin 1.44.0
LogInit: Build: ++UE4+Release-4.25-CL-14469661
LogInit: Engine Version: 4.25.4-14469661+++UE4+Release-4.25
LogInit: Compatible Engine Version: 4.25.0-13144385+++UE4+Release-4.25
LogInit: Net CL: 13144385
LogInit: OS: Windows 10 (Release 2009) (), CPU:       Intel(R) Xeon(R) CPU E5-1620 v2 @ 3.70GHz, GPU: AMD FirePro D300 (FireGL V)
LogInit: Compiled (64-bit): Oct 11 2020 08:10:49
LogInit: Compiled with Visual C++: 19.24.28315.00
LogInit: Build Configuration: Development
LogInit: Branch Name: ++UE4+Release-4.25
LogInit: Command Line: 
LogInit: Base Directory: C:/Program Files/Epic Games/UE_4.25/Engine/Binaries/Win64/
LogInit: Allocator: TBB
LogInit: Installed Engine Build: 1
LogDevObjectVersion: Number of dev versions registered: 26
LogDevObjectVersion:   Dev-Blueprints (B0D832E4-1F89-4F0D-ACCF-7EB736FD4AA2): 10
LogDevObjectVersion:   Dev-Build (E1C64328-A22C-4D53-A36C-8E866417BD8C): 0
LogDevObjectVersion:   Dev-Core (375EC13C-06E4-48FB-B500-84F0262A717E): 4
LogDevObjectVersion:   Dev-Editor (E4B068ED-F494-42E9-A231-DA0B2E46BB41): 38
LogDevObjectVersion:   Dev-Framework (CFFC743F-43B0-4480-9391-14DF171D2073): 37
LogDevObjectVersion:   Dev-Mobile (B02B49B5-BB20-44E9-A304-32B752E40360): 2
LogDevObjectVersion:   Dev-Networking (A4E4105C-59A1-49B5-A7C5-40C4547EDFEE): 0
LogDevObjectVersion:   Dev-Online (39C831C9-5AE6-47DC-9A44-9C173E1C8E7C): 0
LogDevObjectVersion:   Dev-Physics (78F01B33-EBEA-4F98-B9B4-84EACCB95AA2): 4
LogDevObjectVersion:   Dev-Platform (6631380F-2D4D-43E0-8009-CF276956A95A): 0
LogDevObjectVersion:   Dev-Rendering (12F88B9F-8875-4AFC-A67C-D90C383ABD29): 43
LogDevObjectVersion:   Dev-Sequencer (7B5AE74C-D270-4C10-A958-57980B212A5A): 12
LogDevObjectVersion:   Dev-VR (D7296918-1DD6-4BDD-9DE2-64A83CC13884): 3
LogDevObjectVersion:   Dev-LoadTimes (C2A15278-BFE7-4AFE-6C17-90FF531DF755): 1
LogDevObjectVersion:   Private-Geometry (6EACA3D4-40EC-4CC1-B786-8BED09428FC5): 3
LogDevObjectVersion:   Dev-AnimPhys (29E575DD-E0A3-4627-9D10-D276232CDCEA): 17
LogDevObjectVersion:   Dev-Anim (AF43A65D-7FD3-4947-9873-3E8ED9C1BB05): 7
LogDevObjectVersion:   Dev-ReflectionCapture (6B266CEC-1EC7-4B8F-A30B-E4D90942FC07): 1
LogDevObjectVersion:   Dev-Automation (0DF73D61-A23F-47EA-B727-89E90C41499A): 1
LogDevObjectVersion:   FortniteMain (601D1886-AC64-4F84-AA16-D3DE0DEAC7D6): 31
LogDevObjectVersion:   Dev-Enterprise (9DFFBCD6-494F-0158-E221-12823C92A888): 10
LogDevObjectVersion:   Dev-Niagara (F2AED0AC-9AFE-416F-8664-AA7FFA26D6FC): 1
LogDevObjectVersion:   Dev-Destruction (174F1F0B-B4C6-45A5-B13F-2EE8D0FB917D): 10
LogDevObjectVersion:   Dev-Physics-Ext (35F94A83-E258-406C-A318-09F59610247C): 37
LogDevObjectVersion:   Dev-PhysicsMaterial-Chaos (B68FC16E-8B1B-42E2-B453-215C058844FE): 1
LogDevObjectVersion:   Dev-CineCamera (B2E18506-4273-CFC2-A54E-F4BB758BBA07): 1
LogInit: Presizing for max 25165824 objects, including 0 objects not considered by GC, pre-allocating 0 bytes for permanent pool.
LogConfig: Applying CVar settings from Section [/Script/Engine.StreamingSettings] File [C:/Unreal/TeamProject/Saved/Config/Windows/Engine.ini]
LogConfig: Setting CVar [[s.MinBulkDataSizeForAsyncLoading:131072]]
LogConfig: Setting CVar [[s.AsyncLoadingThreadEnabled:0]]
LogConfig: Setting CVar [[s.EventDrivenLoaderEnabled:1]]
LogConfig: Setting CVar [[s.WarnIfTimeLimitExceeded:0]]
LogConfig: Setting CVar [[s.TimeLimitExceededMultiplier:1.5]]
LogConfig: Setting CVar [[s.TimeLimitExceededMinTime:0.005]]
LogConfig: Setting CVar [[s.UseBackgroundLevelStreaming:1]]
LogConfig: Setting CVar [[s.PriorityAsyncLoadingExtraTime:15.0]]
LogConfig: Setting CVar [[s.LevelStreamingActorsUpdateTimeLimit:5.0]]
LogConfig: Setting CVar [[s.PriorityLevelStreamingActorsUpdateExtraTime:5.0]]
LogConfig: Setting CVar [[s.LevelStreamingComponentsRegistrationGranularity:10]]
LogConfig: Setting CVar [[s.UnregisterComponentsTimeLimit:1.0]]
LogConfig: Setting CVar [[s.LevelStreamingComponentsUnregistrationGranularity:5]]
LogConfig: Setting CVar [[s.FlushStreamingOnExit:1]]
LogInit: Object subsystem initialized
LogConfig: Setting CVar [[con.DebugEarlyDefault:1]]
LogConfig: Setting CVar [[r.setres:1280x720]]
[2021.06.05-12.57.50:657][  0]LogConfig: Setting CVar [[r.VSync:0]]
[2021.06.05-12.57.50:657][  0]LogConfig: Setting CVar [[r.RHICmdBypass:0]]
[2021.06.05-12.57.50:657][  0]LogConfig: Applying CVar settings from Section [/Script/Engine.RendererSettings] File [C:/Unreal/TeamProject/Saved/Config/Windows/Engine.ini]
[2021.06.05-12.57.50:657][  0]LogConfig: Setting CVar [[r.GPUCrashDebugging:0]]
[2021.06.05-12.57.50:657][  0]LogConfig: Applying CVar settings from Section [/Script/Engine.RendererOverrideSettings] File [C:/Unreal/TeamProject/Saved/Config/Windows/Engine.ini]
[2021.06.05-12.57.50:657][  0]LogConfig: Applying CVar settings from Section [/Script/Engine.StreamingSettings] File [C:/Unreal/TeamProject/Saved/Config/Windows/Engine.ini]
[2021.06.05-12.57.50:657][  0]LogConfig: Setting CVar [[s.MinBulkDataSizeForAsyncLoading:131072]]
[2021.06.05-12.57.50:657][  0]LogConfig: Setting CVar [[s.AsyncLoadingThreadEnabled:0]]
[2021.06.05-12.57.50:657][  0]LogConfig: Setting CVar [[s.EventDrivenLoaderEnabled:1]]
[2021.06.05-12.57.50:657][  0]LogConfig: Setting CVar [[s.WarnIfTimeLimitExceeded:0]]
[2021.06.05-12.57.50:657][  0]LogConfig: Setting CVar [[s.TimeLimitExceededMultiplier:1.5]]
[2021.06.05-12.57.50:657][  0]LogConfig: Setting CVar [[s.TimeLimitExceededMinTime:0.005]]
[2021.06.05-12.57.50:657][  0]LogConfig: Setting CVar [[s.UseBackgroundLevelStreaming:1]]
[2021.06.05-12.57.50:657][  0]LogConfig: Setting CVar [[s.PriorityAsyncLoadingExtraTime:15.0]]
[2021.06.05-12.57.50:657][  0]LogConfig: Setting CVar [[s.LevelStreamingActorsUpdateTimeLimit:5.0]]
[2021.06.05-12.57.50:657][  0]LogConfig: Setting CVar [[s.PriorityLevelStreamingActorsUpdateExtraTime:5.0]]
[2021.06.05-12.57.50:657][  0]LogConfig: Setting CVar [[s.LevelStreamingComponentsRegistrationGranularity:10]]
[2021.06.05-12.57.50:658][  0]LogConfig: Setting CVar [[s.UnregisterComponentsTimeLimit:1.0]]
[2021.06.05-12.57.50:658][  0]LogConfig: Setting CVar [[s.LevelStreamingComponentsUnregistrationGranularity:5]]
[2021.06.05-12.57.50:658][  0]LogConfig: Setting CVar [[s.FlushStreamingOnExit:1]]
[2021.06.05-12.57.50:658][  0]LogConfig: Applying CVar settings from Section [/Script/Engine.GarbageCollectionSettings] File [C:/Unreal/TeamProject/Saved/Config/Windows/Engine.ini]
[2021.06.05-12.57.50:658][  0]LogConfig: Setting CVar [[gc.MaxObjectsNotConsideredByGC:1]]
[2021.06.05-12.57.50:658][  0]LogConfig: Setting CVar [[gc.SizeOfPermanentObjectPool:0]]
[2021.06.05-12.57.50:658][  0]LogConfig: Setting CVar [[gc.FlushStreamingOnGC:0]]
[2021.06.05-12.57.50:658][  0]LogConfig: Setting CVar [[gc.NumRetriesBeforeForcingGC:10]]
[2021.06.05-12.57.50:658][  0]LogConfig: Setting CVar [[gc.AllowParallelGC:1]]
[2021.06.05-12.57.50:658][  0]LogConfig: Setting CVar [[gc.TimeBetweenPurgingPendingKillObjects:61.1]]
[2021.06.05-12.57.50:658][  0]LogConfig: Setting CVar [[gc.MaxObjectsInEditor:25165824]]
[2021.06.05-12.57.50:658][  0]LogConfig: Setting CVar [[gc.IncrementalBeginDestroyEnabled:1]]
[2021.06.05-12.57.50:658][  0]LogConfig: Setting CVar [[gc.CreateGCClusters:1]]
[2021.06.05-12.57.50:658][  0]LogConfig: Setting CVar [[gc.MinGCClusterSize:5]]
[2021.06.05-12.57.50:658][  0]LogConfig: Setting CVar [[gc.ActorClusteringEnabled:0]]
[2021.06.05-12.57.50:658][  0]LogConfig: Setting CVar [[gc.BlueprintClusteringEnabled:0]]
[2021.06.05-12.57.50:658][  0]LogConfig: Setting CVar [[gc.UseDisregardForGCOnDedicatedServers:0]]
[2021.06.05-12.57.50:658][  0]LogConfig: Applying CVar settings from Section [/Script/Engine.NetworkSettings] File [C:/Unreal/TeamProject/Saved/Config/Windows/Engine.ini]
[2021.06.05-12.57.50:658][  0]LogConfig: Applying CVar settings from Section [/Script/UnrealEd.CookerSettings] File [C:/Unreal/TeamProject/Saved/Config/Windows/Engine.ini]
[2021.06.05-12.57.50:661][  0]LogConfig: Applying CVar settings from Section [ViewDistanceQuality@3] File [C:/Unreal/TeamProject/Saved/Config/Windows/Scalability.ini]
[2021.06.05-12.57.50:661][  0]LogConfig: Setting CVar [[r.SkeletalMeshLODBias:0]]
[2021.06.05-12.57.50:661][  0]LogConfig: Setting CVar [[r.ViewDistanceScale:1.0]]
[2021.06.05-12.57.50:661][  0]LogConfig: Applying CVar settings from Section [AntiAliasingQuality@3] File [C:/Unreal/TeamProject/Saved/Config/Windows/Scalability.ini]
[2021.06.05-12.57.50:661][  0]LogConfig: Setting CVar [[r.PostProcessAAQuality:4]]
[2021.06.05-12.57.50:661][  0]LogConfig: Applying CVar settings from Section [ShadowQuality@3] File [C:/Unreal/TeamProject/Saved/Config/Windows/Scalability.ini]
[2021.06.05-12.57.50:661][  0]LogConfig: Setting CVar [[r.LightFunctionQuality:1]]
[2021.06.05-12.57.50:661][  0]LogConfig: Setting CVar [[r.ShadowQuality:5]]
[2021.06.05-12.57.50:661][  0]LogConfig: Setting CVar [[r.Shadow.CSM.MaxCascades:10]]
[2021.06.05-12.57.50:661][  0]LogConfig: Setting CVar [[r.Shadow.MaxResolution:2048]]
[2021.06.05-12.57.50:661][  0]LogConfig: Setting CVar [[r.Shadow.MaxCSMResolution:2048]]
[2021.06.05-12.57.50:661][  0]LogConfig: Setting CVar [[r.Shadow.RadiusThreshold:0.01]]
[2021.06.05-12.57.50:661][  0]LogConfig: Setting CVar [[r.Shadow.DistanceScale:1.0]]
[2021.06.05-12.57.50:661][  0]LogConfig: Setting CVar [[r.Shadow.CSM.TransitionScale:1.0]]
[2021.06.05-12.57.50:661][  0]LogConfig: Setting CVar [[r.Shadow.PreShadowResolutionFactor:1.0]]
[2021.06.05-12.57.50:661][  0]LogConfig: Setting CVar [[r.DistanceFieldShadowing:1]]
[2021.06.05-12.57.50:661][  0]LogConfig: Setting CVar [[r.DistanceFieldAO:1]]
[2021.06.05-12.57.50:661][  0]LogConfig: Setting CVar [[r.AOQuality:2]]
[2021.06.05-12.57.50:661][  0]LogConfig: Setting CVar [[r.VolumetricFog:1]]
[2021.06.05-12.57.50:661][  0]LogConfig: Setting CVar [[r.VolumetricFog.GridPixelSize:8]]
[2021.06.05-12.57.50:661][  0]LogConfig: Setting CVar [[r.VolumetricFog.GridSizeZ:128]]
[2021.06.05-12.57.50:661][  0]LogConfig: Setting CVar [[r.VolumetricFog.HistoryMissSupersampleCount:4]]
[2021.06.05-12.57.50:661][  0]LogConfig: Setting CVar [[r.LightMaxDrawDistanceScale:1]]
[2021.06.05-12.57.50:661][  0]LogConfig: Setting CVar [[r.CapsuleShadows:1]]
[2021.06.05-12.57.50:661][  0]LogConfig: Applying CVar settings from Section [PostProcessQuality@3] File [C:/Unreal/TeamProject/Saved/Config/Windows/Scalability.ini]
[2021.06.05-12.57.50:661][  0]LogConfig: Setting CVar [[r.MotionBlurQuality:4]]
[2021.06.05-12.57.50:661][  0]LogConfig: Setting CVar [[r.AmbientOcclusionMipLevelFactor:0.4]]
[2021.06.05-12.57.50:661][  0]LogConfig: Setting CVar [[r.AmbientOcclusionMaxQuality:100]]
[2021.06.05-12.57.50:661][  0]LogConfig: Setting CVar [[r.AmbientOcclusionLevels:-1]]
[2021.06.05-12.57.50:661][  0]LogConfig: Setting CVar [[r.AmbientOcclusionRadiusScale:1.0]]
[2021.06.05-12.57.50:661][  0]LogConfig: Setting CVar [[r.DepthOfFieldQuality:2]]
[2021.06.05-12.57.50:661][  0]LogConfig: Setting CVar [[r.RenderTargetPoolMin:400]]
[2021.06.05-12.57.50:661][  0]LogConfig: Setting CVar [[r.LensFlareQuality:2]]
[2021.06.05-12.57.50:661][  0]LogConfig: Setting CVar [[r.SceneColorFringeQuality:1]]
[2021.06.05-12.57.50:661][  0]LogConfig: Setting CVar [[r.EyeAdaptationQuality:2]]
[2021.06.05-12.57.50:661][  0]LogConfig: Setting CVar [[r.BloomQuality:5]]
[2021.06.05-12.57.50:661][  0]LogConfig: Setting CVar [[r.FastBlurThreshold:100]]
[2021.06.05-12.57.50:661][  0]LogConfig: Setting CVar [[r.Upscale.Quality:3]]
[2021.06.05-12.57.50:661][  0]LogConfig: Setting CVar [[r.Tonemapper.GrainQuantization:1]]
[2021.06.05-12.57.50:661][  0]LogConfig: Setting CVar [[r.LightShaftQuality:1]]
[2021.06.05-12.57.50:661][  0]LogConfig: Setting CVar [[r.Filter.SizeScale:1]]
[2021.06.05-12.57.50:662][  0]LogConfig: Setting CVar [[r.Tonemapper.Quality:5]]
[2021.06.05-12.57.50:662][  0]LogConfig: Setting CVar [[r.DOF.Gather.AccumulatorQuality:1        ; higher gathering accumulator quality]]
[2021.06.05-12.57.50:662][  0]LogConfig: Setting CVar [[r.DOF.Gather.PostfilterMethod:1          ; Median3x3 postfilering method]]
[2021.06.05-12.57.50:662][  0]LogConfig: Setting CVar [[r.DOF.Gather.EnableBokehSettings:0       ; no bokeh simulation when gathering]]
[2021.06.05-12.57.50:662][  0]LogConfig: Setting CVar [[r.DOF.Gather.RingCount:4                 ; medium number of samples when gathering]]
[2021.06.05-12.57.50:662][  0]LogConfig: Setting CVar [[r.DOF.Scatter.ForegroundCompositing:1    ; additive foreground scattering]]
[2021.06.05-12.57.50:662][  0]LogConfig: Setting CVar [[r.DOF.Scatter.BackgroundCompositing:2    ; additive background scattering]]
[2021.06.05-12.57.50:662][  0]LogConfig: Setting CVar [[r.DOF.Scatter.EnableBokehSettings:1      ; bokeh simulation when scattering]]
[2021.06.05-12.57.50:662][  0]LogConfig: Setting CVar [[r.DOF.Scatter.MaxSpriteRatio:0.1         ; only a maximum of 10% of scattered bokeh]]
[2021.06.05-12.57.50:662][  0]LogConfig: Setting CVar [[r.DOF.Recombine.Quality:1                ; cheap slight out of focus]]
[2021.06.05-12.57.50:662][  0]LogConfig: Setting CVar [[r.DOF.Recombine.EnableBokehSettings:0    ; no bokeh simulation on slight out of focus]]
[2021.06.05-12.57.50:662][  0]LogConfig: Setting CVar [[r.DOF.TemporalAAQuality:1                ; more stable temporal accumulation]]
[2021.06.05-12.57.50:662][  0]LogConfig: Setting CVar [[r.DOF.Kernel.MaxForegroundRadius:0.025]]
[2021.06.05-12.57.50:662][  0]LogConfig: Setting CVar [[r.DOF.Kernel.MaxBackgroundRadius:0.025]]
[2021.06.05-12.57.50:662][  0]LogConfig: Applying CVar settings from Section [TextureQuality@3] File [C:/Unreal/TeamProject/Saved/Config/Windows/Scalability.ini]
[2021.06.05-12.57.50:662][  0]LogConfig: Setting CVar [[r.Streaming.MipBias:0]]
[2021.06.05-12.57.50:662][  0]LogConfig: Setting CVar [[r.Streaming.AmortizeCPUToGPUCopy:0]]
[2021.06.05-12.57.50:662][  0]LogConfig: Setting CVar [[r.Streaming.MaxNumTexturesToStreamPerFrame:0]]
[2021.06.05-12.57.50:662][  0]LogConfig: Setting CVar [[r.Streaming.Boost:1]]
[2021.06.05-12.57.50:662][  0]LogConfig: Setting CVar [[r.MaxAnisotropy:8]]
[2021.06.05-12.57.50:662][  0]LogConfig: Setting CVar [[r.VT.MaxAnisotropy:8]]
[2021.06.05-12.57.50:662][  0]LogConfig: Setting CVar [[r.Streaming.LimitPoolSizeToVRAM:0]]
[2021.06.05-12.57.50:662][  0]LogConfig: Setting CVar [[r.Streaming.PoolSize:1000]]
[2021.06.05-12.57.50:662][  0]LogConfig: Setting CVar [[r.Streaming.MaxEffectiveScreenSize:0]]
[2021.06.05-12.57.50:662][  0]LogConfig: Applying CVar settings from Section [EffectsQuality@3] File [C:/Unreal/TeamProject/Saved/Config/Windows/Scalability.ini]
[2021.06.05-12.57.50:662][  0]LogConfig: Setting CVar [[r.TranslucencyLightingVolumeDim:64]]
[2021.06.05-12.57.50:662][  0]LogConfig: Setting CVar [[r.RefractionQuality:2]]
[2021.06.05-12.57.50:662][  0]LogConfig: Setting CVar [[r.SSR.Quality:3]]
[2021.06.05-12.57.50:662][  0]LogConfig: Setting CVar [[r.SSR.HalfResSceneColor:0]]
[2021.06.05-12.57.50:662][  0]LogConfig: Setting CVar [[r.SceneColorFormat:4]]
[2021.06.05-12.57.50:662][  0]LogConfig: Setting CVar [[r.DetailMode:2]]
[2021.06.05-12.57.50:662][  0]LogConfig: Setting CVar [[r.TranslucencyVolumeBlur:1]]
[2021.06.05-12.57.50:662][  0]LogConfig: Setting CVar [[r.MaterialQualityLevel:1 ; High quality]]
[2021.06.05-12.57.50:662][  0]LogConfig: Setting CVar [[r.SSS.Scale:1]]
[2021.06.05-12.57.50:662][  0]LogConfig: Setting CVar [[r.SSS.SampleSet:2]]
[2021.06.05-12.57.50:662][  0]LogConfig: Setting CVar [[r.SSS.Quality:1]]
[2021.06.05-12.57.50:662][  0]LogConfig: Setting CVar [[r.SSS.HalfRes:0]]
[2021.06.05-12.57.50:662][  0]LogConfig: Setting CVar [[r.SSGI.Quality:3]]
[2021.06.05-12.57.50:662][  0]LogConfig: Setting CVar [[r.EmitterSpawnRateScale:1.0]]
[2021.06.05-12.57.50:662][  0]LogConfig: Setting CVar [[r.ParticleLightQuality:2]]
[2021.06.05-12.57.50:662][  0]LogConfig: Setting CVar [[r.SkyAtmosphere.AerialPerspectiveLUT.FastApplyOnOpaque:1 ; Always have FastSkyLUT 1 in this case to avoid wrong sky]]
[2021.06.05-12.57.50:662][  0]LogConfig: Setting CVar [[r.SkyAtmosphere.AerialPerspectiveLUT.SampleCountPerSlice:1]]
[2021.06.05-12.57.50:662][  0]LogConfig: Setting CVar [[r.SkyAtmosphere.AerialPerspectiveLUT.DepthResolution:16.0]]
[2021.06.05-12.57.50:662][  0]LogConfig: Setting CVar [[r.SkyAtmosphere.FastSkyLUT:1]]
[2021.06.05-12.57.50:662][  0]LogConfig: Setting CVar [[r.SkyAtmosphere.FastSkyLUT.SampleCountMin:4.0]]
[2021.06.05-12.57.50:662][  0]LogConfig: Setting CVar [[r.SkyAtmosphere.FastSkyLUT.SampleCountMax:32.0]]
[2021.06.05-12.57.50:662][  0]LogConfig: Setting CVar [[r.SkyAtmosphere.SampleCountMin:4.0]]
[2021.06.05-12.57.50:662][  0]LogConfig: Setting CVar [[r.SkyAtmosphere.SampleCountMax:32.0]]
[2021.06.05-12.57.50:662][  0]LogConfig: Setting CVar [[r.SkyAtmosphere.TransmittanceLUT.UseSmallFormat:0]]
[2021.06.05-12.57.50:662][  0]LogConfig: Setting CVar [[r.SkyAtmosphere.TransmittanceLUT.SampleCount:10.0]]
[2021.06.05-12.57.50:662][  0]LogConfig: Setting CVar [[r.SkyAtmosphere.MultiScatteringLUT.SampleCount:15.0]]
[2021.06.05-12.57.50:662][  0]LogConfig: Applying CVar settings from Section [FoliageQuality@3] File [C:/Unreal/TeamProject/Saved/Config/Windows/Scalability.ini]
[2021.06.05-12.57.50:662][  0]LogConfig: Setting CVar [[foliage.DensityScale:1.0]]
[2021.06.05-12.57.50:662][  0]LogConfig: Setting CVar [[grass.DensityScale:1.0]]
[2021.06.05-12.57.50:662][  0]LogConfig: Applying CVar settings from Section [ShadingQuality@3] File [C:/Unreal/TeamProject/Saved/Config/Windows/Scalability.ini]
[2021.06.05-12.57.50:662][  0]LogConfig: Setting CVar [[r.HairStrands.SkyLighting.SampleCount:16]]
[2021.06.05-12.57.50:662][  0]LogConfig: Setting CVar [[r.HairStrands.SkyLighting.JitterIntegration:0]]
[2021.06.05-12.57.50:662][  0]LogConfig: Setting CVar [[r.HairStrands.SkyAO.SampleCount:16]]
[2021.06.05-12.57.50:662][  0]LogConfig: Setting CVar [[r.HairStrands.DeepShadow.SuperSampling:0]]
[2021.06.05-12.57.50:663][  0]LogConfig: Setting CVar [[r.HairStrands.VisibilityPPLL:0]]
[2021.06.05-12.57.50:663][  0]LogConfig: Setting CVar [[r.HairStrands.RasterizationScale:0.5]]
[2021.06.05-12.57.50:663][  0]LogConfig: Setting CVar [[r.HairStrands.VelocityRasterizationScale:1]]
[2021.06.05-12.57.50:663][  0]LogInit: Selected Device Profile: [Windows]
[2021.06.05-12.57.50:663][  0]LogInit: Applying CVar settings loaded from the selected device profile: [Windows]
[2021.06.05-12.57.50:663][  0]LogHAL: Display: Platform has ~ 64 GB [68689154048 / 68719476736 / 64], which maps to Largest [LargestMinGB=32, LargerMinGB=12, DefaultMinGB=8, SmallerMinGB=6, SmallestMinGB=0)
[2021.06.05-12.57.50:663][  0]LogInit: Going up to parent DeviceProfile []
[2021.06.05-12.57.50:663][  0]LogConfig: Applying CVar settings from Section [ViewDistanceQuality@3] File [C:/Unreal/TeamProject/Saved/Config/Windows/Scalability.ini]
[2021.06.05-12.57.50:663][  0]LogConfig: Setting CVar [[r.SkeletalMeshLODBias:0]]
[2021.06.05-12.57.50:663][  0]LogConfig: Setting CVar [[r.ViewDistanceScale:1.0]]
[2021.06.05-12.57.50:663][  0]LogConfig: Applying CVar settings from Section [AntiAliasingQuality@3] File [C:/Unreal/TeamProject/Saved/Config/Windows/Scalability.ini]
[2021.06.05-12.57.50:663][  0]LogConfig: Setting CVar [[r.PostProcessAAQuality:4]]
[2021.06.05-12.57.50:663][  0]LogConfig: Applying CVar settings from Section [ShadowQuality@3] File [C:/Unreal/TeamProject/Saved/Config/Windows/Scalability.ini]
[2021.06.05-12.57.50:663][  0]LogConfig: Setting CVar [[r.LightFunctionQuality:1]]
[2021.06.05-12.57.50:663][  0]LogConfig: Setting CVar [[r.ShadowQuality:5]]
[2021.06.05-12.57.50:663][  0]LogConfig: Setting CVar [[r.Shadow.CSM.MaxCascades:10]]
[2021.06.05-12.57.50:663][  0]LogConfig: Setting CVar [[r.Shadow.MaxResolution:2048]]
[2021.06.05-12.57.50:663][  0]LogConfig: Setting CVar [[r.Shadow.MaxCSMResolution:2048]]
[2021.06.05-12.57.50:663][  0]LogConfig: Setting CVar [[r.Shadow.RadiusThreshold:0.01]]
[2021.06.05-12.57.50:663][  0]LogConfig: Setting CVar [[r.Shadow.DistanceScale:1.0]]
[2021.06.05-12.57.50:663][  0]LogConfig: Setting CVar [[r.Shadow.CSM.TransitionScale:1.0]]
[2021.06.05-12.57.50:663][  0]LogConfig: Setting CVar [[r.Shadow.PreShadowResolutionFactor:1.0]]
[2021.06.05-12.57.50:663][  0]LogConfig: Setting CVar [[r.DistanceFieldShadowing:1]]
[2021.06.05-12.57.50:663][  0]LogConfig: Setting CVar [[r.DistanceFieldAO:1]]
[2021.06.05-12.57.50:663][  0]LogConfig: Setting CVar [[r.AOQuality:2]]
[2021.06.05-12.57.50:663][  0]LogConfig: Setting CVar [[r.VolumetricFog:1]]
[2021.06.05-12.57.50:663][  0]LogConfig: Setting CVar [[r.VolumetricFog.GridPixelSize:8]]
[2021.06.05-12.57.50:663][  0]LogConfig: Setting CVar [[r.VolumetricFog.GridSizeZ:128]]
[2021.06.05-12.57.50:663][  0]LogConfig: Setting CVar [[r.VolumetricFog.HistoryMissSupersampleCount:4]]
[2021.06.05-12.57.50:663][  0]LogConfig: Setting CVar [[r.LightMaxDrawDistanceScale:1]]
[2021.06.05-12.57.50:663][  0]LogConfig: Setting CVar [[r.CapsuleShadows:1]]
[2021.06.05-12.57.50:663][  0]LogConfig: Applying CVar settings from Section [PostProcessQuality@3] File [C:/Unreal/TeamProject/Saved/Config/Windows/Scalability.ini]
[2021.06.05-12.57.50:663][  0]LogConfig: Setting CVar [[r.MotionBlurQuality:4]]
[2021.06.05-12.57.50:663][  0]LogConfig: Setting CVar [[r.AmbientOcclusionMipLevelFactor:0.4]]
[2021.06.05-12.57.50:663][  0]LogConfig: Setting CVar [[r.AmbientOcclusionMaxQuality:100]]
[2021.06.05-12.57.50:663][  0]LogConfig: Setting CVar [[r.AmbientOcclusionLevels:-1]]
[2021.06.05-12.57.50:663][  0]LogConfig: Setting CVar [[r.AmbientOcclusionRadiusScale:1.0]]
[2021.06.05-12.57.50:663][  0]LogConfig: Setting CVar [[r.DepthOfFieldQuality:2]]
[2021.06.05-12.57.50:663][  0]LogConfig: Setting CVar [[r.RenderTargetPoolMin:400]]
[2021.06.05-12.57.50:663][  0]LogConfig: Setting CVar [[r.LensFlareQuality:2]]
[2021.06.05-12.57.50:663][  0]LogConfig: Setting CVar [[r.SceneColorFringeQuality:1]]
[2021.06.05-12.57.50:663][  0]LogConfig: Setting CVar [[r.EyeAdaptationQuality:2]]
[2021.06.05-12.57.50:663][  0]LogConfig: Setting CVar [[r.BloomQuality:5]]
[2021.06.05-12.57.50:663][  0]LogConfig: Setting CVar [[r.FastBlurThreshold:100]]
[2021.06.05-12.57.50:663][  0]LogConfig: Setting CVar [[r.Upscale.Quality:3]]
[2021.06.05-12.57.50:663][  0]LogConfig: Setting CVar [[r.Tonemapper.GrainQuantization:1]]
[2021.06.05-12.57.50:663][  0]LogConfig: Setting CVar [[r.LightShaftQuality:1]]
[2021.06.05-12.57.50:663][  0]LogConfig: Setting CVar [[r.Filter.SizeScale:1]]
[2021.06.05-12.57.50:663][  0]LogConfig: Setting CVar [[r.Tonemapper.Quality:5]]
[2021.06.05-12.57.50:663][  0]LogConfig: Setting CVar [[r.DOF.Gather.AccumulatorQuality:1        ; higher gathering accumulator quality]]
[2021.06.05-12.57.50:663][  0]LogConfig: Setting CVar [[r.DOF.Gather.PostfilterMethod:1          ; Median3x3 postfilering method]]
[2021.06.05-12.57.50:663][  0]LogConfig: Setting CVar [[r.DOF.Gather.EnableBokehSettings:0       ; no bokeh simulation when gathering]]
[2021.06.05-12.57.50:664][  0]LogConfig: Setting CVar [[r.DOF.Gather.RingCount:4                 ; medium number of samples when gathering]]
[2021.06.05-12.57.50:664][  0]LogConfig: Setting CVar [[r.DOF.Scatter.ForegroundCompositing:1    ; additive foreground scattering]]
[2021.06.05-12.57.50:664][  0]LogConfig: Setting CVar [[r.DOF.Scatter.BackgroundCompositing:2    ; additive background scattering]]
[2021.06.05-12.57.50:664][  0]LogConfig: Setting CVar [[r.DOF.Scatter.EnableBokehSettings:1      ; bokeh simulation when scattering]]
[2021.06.05-12.57.50:664][  0]LogConfig: Setting CVar [[r.DOF.Scatter.MaxSpriteRatio:0.1         ; only a maximum of 10% of scattered bokeh]]
[2021.06.05-12.57.50:664][  0]LogConfig: Setting CVar [[r.DOF.Recombine.Quality:1                ; cheap slight out of focus]]
[2021.06.05-12.57.50:664][  0]LogConfig: Setting CVar [[r.DOF.Recombine.EnableBokehSettings:0    ; no bokeh simulation on slight out of focus]]
[2021.06.05-12.57.50:664][  0]LogConfig: Setting CVar [[r.DOF.TemporalAAQuality:1                ; more stable temporal accumulation]]
[2021.06.05-12.57.50:664][  0]LogConfig: Setting CVar [[r.DOF.Kernel.MaxForegroundRadius:0.025]]
[2021.06.05-12.57.50:664][  0]LogConfig: Setting CVar [[r.DOF.Kernel.MaxBackgroundRadius:0.025]]
[2021.06.05-12.57.50:664][  0]LogConfig: Applying CVar settings from Section [TextureQuality@3] File [C:/Unreal/TeamProject/Saved/Config/Windows/Scalability.ini]
[2021.06.05-12.57.50:664][  0]LogConfig: Setting CVar [[r.Streaming.MipBias:0]]
[2021.06.05-12.57.50:664][  0]LogConfig: Setting CVar [[r.Streaming.AmortizeCPUToGPUCopy:0]]
[2021.06.05-12.57.50:664][  0]LogConfig: Setting CVar [[r.Streaming.MaxNumTexturesToStreamPerFrame:0]]
[2021.06.05-12.57.50:664][  0]LogConfig: Setting CVar [[r.Streaming.Boost:1]]
[2021.06.05-12.57.50:664][  0]LogConfig: Setting CVar [[r.MaxAnisotropy:8]]
[2021.06.05-12.57.50:664][  0]LogConfig: Setting CVar [[r.VT.MaxAnisotropy:8]]
[2021.06.05-12.57.50:664][  0]LogConfig: Setting CVar [[r.Streaming.LimitPoolSizeToVRAM:0]]
[2021.06.05-12.57.50:664][  0]LogConfig: Setting CVar [[r.Streaming.PoolSize:1000]]
[2021.06.05-12.57.50:664][  0]LogConfig: Setting CVar [[r.Streaming.MaxEffectiveScreenSize:0]]
[2021.06.05-12.57.50:664][  0]LogConfig: Applying CVar settings from Section [EffectsQuality@3] File [C:/Unreal/TeamProject/Saved/Config/Windows/Scalability.ini]
[2021.06.05-12.57.50:664][  0]LogConfig: Setting CVar [[r.TranslucencyLightingVolumeDim:64]]
[2021.06.05-12.57.50:664][  0]LogConfig: Setting CVar [[r.RefractionQuality:2]]
[2021.06.05-12.57.50:664][  0]LogConfig: Setting CVar [[r.SSR.Quality:3]]
[2021.06.05-12.57.50:664][  0]LogConfig: Setting CVar [[r.SSR.HalfResSceneColor:0]]
[2021.06.05-12.57.50:664][  0]LogConfig: Setting CVar [[r.SceneColorFormat:4]]
[2021.06.05-12.57.50:664][  0]LogConfig: Setting CVar [[r.DetailMode:2]]
[2021.06.05-12.57.50:664][  0]LogConfig: Setting CVar [[r.TranslucencyVolumeBlur:1]]
[2021.06.05-12.57.50:664][  0]LogConfig: Setting CVar [[r.MaterialQualityLevel:1 ; High quality]]
[2021.06.05-12.57.50:664][  0]LogConfig: Setting CVar [[r.SSS.Scale:1]]
[2021.06.05-12.57.50:664][  0]LogConfig: Setting CVar [[r.SSS.SampleSet:2]]
[2021.06.05-12.57.50:664][  0]LogConfig: Setting CVar [[r.SSS.Quality:1]]
[2021.06.05-12.57.50:664][  0]LogConfig: Setting CVar [[r.SSS.HalfRes:0]]
[2021.06.05-12.57.50:664][  0]LogConfig: Setting CVar [[r.SSGI.Quality:3]]
[2021.06.05-12.57.50:664][  0]LogConfig: Setting CVar [[r.EmitterSpawnRateScale:1.0]]
[2021.06.05-12.57.50:664][  0]LogConfig: Setting CVar [[r.ParticleLightQuality:2]]
[2021.06.05-12.57.50:664][  0]LogConfig: Setting CVar [[r.SkyAtmosphere.AerialPerspectiveLUT.FastApplyOnOpaque:1 ; Always have FastSkyLUT 1 in this case to avoid wrong sky]]
[2021.06.05-12.57.50:664][  0]LogConfig: Setting CVar [[r.SkyAtmosphere.AerialPerspectiveLUT.SampleCountPerSlice:1]]
[2021.06.05-12.57.50:664][  0]LogConfig: Setting CVar [[r.SkyAtmosphere.AerialPerspectiveLUT.DepthResolution:16.0]]
[2021.06.05-12.57.50:664][  0]LogConfig: Setting CVar [[r.SkyAtmosphere.FastSkyLUT:1]]
[2021.06.05-12.57.50:664][  0]LogConfig: Setting CVar [[r.SkyAtmosphere.FastSkyLUT.SampleCountMin:4.0]]
[2021.06.05-12.57.50:664][  0]LogConfig: Setting CVar [[r.SkyAtmosphere.FastSkyLUT.SampleCountMax:32.0]]
[2021.06.05-12.57.50:664][  0]LogConfig: Setting CVar [[r.SkyAtmosphere.SampleCountMin:4.0]]
[2021.06.05-12.57.50:664][  0]LogConfig: Setting CVar [[r.SkyAtmosphere.SampleCountMax:32.0]]
[2021.06.05-12.57.50:664][  0]LogConfig: Setting CVar [[r.SkyAtmosphere.TransmittanceLUT.UseSmallFormat:0]]
[2021.06.05-12.57.50:664][  0]LogConfig: Setting CVar [[r.SkyAtmosphere.TransmittanceLUT.SampleCount:10.0]]
[2021.06.05-12.57.50:664][  0]LogConfig: Setting CVar [[r.SkyAtmosphere.MultiScatteringLUT.SampleCount:15.0]]
[2021.06.05-12.57.50:664][  0]LogConfig: Applying CVar settings from Section [FoliageQuality@3] File [C:/Unreal/TeamProject/Saved/Config/Windows/Scalability.ini]
[2021.06.05-12.57.50:664][  0]LogConfig: Setting CVar [[foliage.DensityScale:1.0]]
[2021.06.05-12.57.50:664][  0]LogConfig: Setting CVar [[grass.DensityScale:1.0]]
[2021.06.05-12.57.50:664][  0]LogConfig: Applying CVar settings from Section [ShadingQuality@3] File [C:/Unreal/TeamProject/Saved/Config/Windows/Scalability.ini]
[2021.06.05-12.57.50:664][  0]LogConfig: Setting CVar [[r.HairStrands.SkyLighting.SampleCount:16]]
[2021.06.05-12.57.50:664][  0]LogConfig: Setting CVar [[r.HairStrands.SkyLighting.JitterIntegration:0]]
[2021.06.05-12.57.50:664][  0]LogConfig: Setting CVar [[r.HairStrands.SkyAO.SampleCount:16]]
[2021.06.05-12.57.50:664][  0]LogConfig: Setting CVar [[r.HairStrands.DeepShadow.SuperSampling:0]]
[2021.06.05-12.57.50:665][  0]LogConfig: Setting CVar [[r.HairStrands.VisibilityPPLL:0]]
[2021.06.05-12.57.50:665][  0]LogConfig: Setting CVar [[r.HairStrands.RasterizationScale:0.5]]
[2021.06.05-12.57.50:665][  0]LogConfig: Setting CVar [[r.HairStrands.VelocityRasterizationScale:1]]
[2021.06.05-12.57.50:665][  0]LogConfig: Applying CVar settings from Section [Startup] File [../../../Engine/Config/ConsoleVariables.ini]
[2021.06.05-12.57.50:665][  0]LogConfig: Setting CVar [[net.UseAdaptiveNetUpdateFrequency:0]]
[2021.06.05-12.57.50:666][  0]LogConfig: Setting CVar [[p.chaos.AllowCreatePhysxBodies:1]]
[2021.06.05-12.57.50:666][  0]LogConfig: Setting CVar [[fx.SkipVectorVMBackendOptimizations:1]]
[2021.06.05-12.57.50:666][  0]LogConfig: Applying CVar settings from Section [ConsoleVariables] File [C:/Unreal/TeamProject/Saved/Config/Windows/Engine.ini]
[2021.06.05-12.57.50:666][  0]LogInit: Computer: DESKTOP-49VT7VK
[2021.06.05-12.57.50:666][  0]LogInit: User: Taery
[2021.06.05-12.57.50:666][  0]LogInit: CPU Page size=4096, Cores=4
[2021.06.05-12.57.50:666][  0]LogInit: High frequency timer resolution =10.000000 MHz
[2021.06.05-12.57.50:666][  0]LogMemory: Memory total: Physical=64.0GB (64GB approx)
[2021.06.05-12.57.50:666][  0]LogMemory: Platform Memory Stats for Windows
[2021.06.05-12.57.50:666][  0]LogMemory: Process Physical Memory: 118.27 MB used, 118.28 MB peak
[2021.06.05-12.57.50:666][  0]LogMemory: Process Virtual Memory: 101.67 MB used, 101.67 MB peak
[2021.06.05-12.57.50:666][  0]LogMemory: Physical Memory: 8689.86 MB used,  56817.22 MB free, 65507.08 MB total
[2021.06.05-12.57.50:666][  0]LogMemory: Virtual Memory: 5188.52 MB used,  134212536.00 MB free, 134217728.00 MB total
[2021.06.05-12.57.50:672][  0]LogWindows: WindowsPlatformFeatures enabled
[2021.06.05-12.57.50:708][  0]LogInit: Physics initialised using underlying interface: PhysX
[2021.06.05-12.57.50:709][  0]LogInit: Using OS detected language (ko-KR).
[2021.06.05-12.57.50:709][  0]LogInit: Using OS detected locale (ko-KR).
[2021.06.05-12.57.50:717][  0]LogTextLocalizationManager: No specific localization for 'ko-KR' exists, so the 'ko' localization will be used.
[2021.06.05-12.57.50:819][  0]LogInit: Setting process to per monitor DPI aware
[2021.06.05-12.57.50:874][  0]LogSlate: New Slate User Created.  User Index 0, Is Virtual User: 0
[2021.06.05-12.57.50:874][  0]LogSlate: Slate User Registered.  User Index 0, Is Virtual User: 0
[2021.06.05-12.57.56:823][  0]LogHMD: Failed to initialize OpenVR with code 108
[2021.06.05-12.57.56:823][  0]LogD3D11RHI: D3D11 min allowed feature level: 11_0
[2021.06.05-12.57.56:823][  0]LogD3D11RHI: D3D11 max allowed feature level: 11_0
[2021.06.05-12.57.56:823][  0]LogD3D11RHI: D3D11 adapters:
[2021.06.05-12.57.56:921][  0]LogD3D11RHI:    0. 'AMD FirePro D300 (FireGL V)' (Feature Level 11_0)
[2021.06.05-12.57.56:921][  0]LogD3D11RHI:       2027/0/32753 MB DedicatedVideo/DedicatedSystem/SharedSystem, Outputs:1, VendorId:0x1002
[2021.06.05-12.57.56:923][  0]LogD3D11RHI:    1. 'Microsoft Basic Render Driver' (Feature Level 11_0)
[2021.06.05-12.57.56:923][  0]LogD3D11RHI:       0/0/32753 MB DedicatedVideo/DedicatedSystem/SharedSystem, Outputs:0, VendorId:0x1414
[2021.06.05-12.57.56:923][  0]LogD3D11RHI: Chosen D3D11 Adapter: 0
[2021.06.05-12.57.56:930][  0]LogD3D11RHI: Creating new Direct3DDevice
[2021.06.05-12.57.56:930][  0]LogD3D11RHI:     GPU DeviceId: 0x6810 (for the marketing name, search the web for "GPU Device Id")
[2021.06.05-12.57.56:931][  0]LogWindows: EnumDisplayDevices:
[2021.06.05-12.57.56:931][  0]LogWindows:    0. 'AMD FirePro D300 (FireGL V)' (P:1 D:1)
[2021.06.05-12.57.56:931][  0]LogWindows:    1. 'AMD FirePro D300 (FireGL V)' (P:0 D:0)
[2021.06.05-12.57.56:932][  0]LogWindows:    2. 'AMD FirePro D300 (FireGL V)' (P:0 D:0)
[2021.06.05-12.57.56:932][  0]LogWindows:    3. 'AMD FirePro D300 (FireGL V)' (P:0 D:0)
[2021.06.05-12.57.56:933][  0]LogWindows:    4. 'AMD FirePro D300 (FireGL V)' (P:0 D:0)
[2021.06.05-12.57.56:933][  0]LogWindows:    5. 'AMD FirePro D300 (FireGL V)' (P:0 D:0)
[2021.06.05-12.57.56:933][  0]LogWindows:    6. 'AMD FirePro D300 (FireGL V)' (P:0 D:0)
[2021.06.05-12.57.56:934][  0]LogWindows:    7. 'AMD FirePro D300 (FireGL V)' (P:0 D:0)
[2021.06.05-12.57.56:934][  0]LogWindows: DebugString: FoundDriverCount:8 
[2021.06.05-12.57.56:934][  0]LogD3D11RHI:     Adapter Name: AMD FirePro D300 (FireGL V)
[2021.06.05-12.57.56:934][  0]LogD3D11RHI:   Driver Version: Adrenalin 20.10.36.01 (internal:27.20.11036.1002, unified:27.20.11036.1002)
[2021.06.05-12.57.56:934][  0]LogD3D11RHI:      Driver Date: 9-10-2020
[2021.06.05-12.57.56:934][  0]LogRHI: Texture pool is 1206 MB (70% of 1723 MB)
[2021.06.05-12.57.57:065][  0]LogD3D11RHI: RHI has support for 64 bit atomics
[2021.06.05-12.57.57:065][  0]LogD3D11RHI: Async texture creation enabled
[2021.06.05-12.57.57:066][  0]LogD3D11RHI: Array index from any shader is supported
[2021.06.05-12.57.57:099][  0]LogD3D11RHI: GPU Timing Frequency: 27.000000 (Debug: 2 1)
[2021.06.05-12.57.57:493][  0]LogTargetPlatformManager: Display: Loaded TargetPlatform 'AllDesktop'
[2021.06.05-12.57.57:519][  0]LogTargetPlatformManager: Display: Loaded TargetPlatform 'Android'
[2021.06.05-12.57.57:519][  0]LogTargetPlatformManager: Display: Loaded TargetPlatform 'Android_ASTC'
[2021.06.05-12.57.57:519][  0]LogTargetPlatformManager: Display: Loaded TargetPlatform 'Android_DXT'
[2021.06.05-12.57.57:519][  0]LogTargetPlatformManager: Display: Loaded TargetPlatform 'Android_ETC2'
[2021.06.05-12.57.57:519][  0]LogTargetPlatformManager: Display: Loaded TargetPlatform 'AndroidClient'
[2021.06.05-12.57.57:519][  0]LogTargetPlatformManager: Display: Loaded TargetPlatform 'Android_ASTCClient'
[2021.06.05-12.57.57:519][  0]LogTargetPlatformManager: Display: Loaded TargetPlatform 'Android_DXTClient'
[2021.06.05-12.57.57:519][  0]LogTargetPlatformManager: Display: Loaded TargetPlatform 'Android_ETC2Client'
[2021.06.05-12.57.57:519][  0]LogTargetPlatformManager: Display: Loaded TargetPlatform 'Android_Multi'
[2021.06.05-12.57.57:520][  0]LogTargetPlatformManager: Display: Loaded TargetPlatform 'Android_MultiClient'
[2021.06.05-12.57.57:551][  0]LogTargetPlatformManager: Display: Loaded TargetPlatform 'IOSClient'
[2021.06.05-12.57.57:551][  0]LogTargetPlatformManager: Display: Loaded TargetPlatform 'IOS'
[2021.06.05-12.57.57:566][  0]LogTargetPlatformManager: Display: Loaded TargetPlatform 'Linux'
[2021.06.05-12.57.57:578][  0]LogTargetPlatformManager: Display: Loaded TargetPlatform 'LinuxNoEditor'
[2021.06.05-12.57.57:591][  0]LogTargetPlatformManager: Display: Loaded TargetPlatform 'LinuxClient'
[2021.06.05-12.57.57:604][  0]LogTargetPlatformManager: Display: Loaded TargetPlatform 'LinuxServer'
[2021.06.05-12.57.57:619][  0]LogTargetPlatformManager: Display: Loaded TargetPlatform 'LinuxAArch64NoEditor'
[2021.06.05-12.57.57:632][  0]LogTargetPlatformManager: Display: Loaded TargetPlatform 'LinuxAArch64Client'
[2021.06.05-12.57.57:644][  0]LogTargetPlatformManager: Display: Loaded TargetPlatform 'LinuxAArch64Server'
[2021.06.05-12.57.57:683][  0]LogTargetPlatformManager: Display: Loaded TargetPlatform 'Lumin'
[2021.06.05-12.57.57:683][  0]LogTargetPlatformManager: Display: Loaded TargetPlatform 'LuminClient'
[2021.06.05-12.57.57:705][  0]LogTargetPlatformManager: Display: Loaded TargetPlatform 'TVOSClient'
[2021.06.05-12.57.57:705][  0]LogTargetPlatformManager: Display: Loaded TargetPlatform 'TVOS'
[2021.06.05-12.57.57:718][  0]LogTargetPlatformManager: Display: Loaded TargetPlatform 'WindowsNoEditor'
[2021.06.05-12.57.57:732][  0]LogTargetPlatformManager: Display: Loaded TargetPlatform 'Windows'
[2021.06.05-12.57.57:744][  0]LogTargetPlatformManager: Display: Loaded TargetPlatform 'WindowsClient'
[2021.06.05-12.57.57:756][  0]LogTargetPlatformManager: Display: Loaded TargetPlatform 'WindowsServer'
[2021.06.05-12.57.57:756][  0]LogTargetPlatformManager: Display: Building Assets For Windows
[2021.06.05-12.57.57:765][  0]LogAudioDebug: Display: Lib vorbis DLL was dynamically loaded.
[2021.06.05-12.57.57:834][  0]LogShaderCompilers: Guid format shader working directory is 10 characters bigger than the processId version (../../../../../../Unreal/TeamProject/Intermediate/Shaders/WorkingDirectory/2620/).
[2021.06.05-12.57.57:834][  0]LogShaderCompilers: Cleaned the shader compiler working directory 'C:/Users/Taery/AppData/Local/Temp/UnrealShaderWorkingDir/9A7C60C4414CE2AE4F8B57B8CD0CE3BA/'.
[2021.06.05-12.57.57:835][  0]LogXGEController: Cleaning working directory: C:/Users/Taery/AppData/Local/Temp/UnrealXGEWorkingDir/
[2021.06.05-12.57.57:835][  0]LogXGEController: Cannot use XGE Controller as Incredibuild is not installed on this machine.
[2021.06.05-12.57.57:835][  0]LogShaderCompilers: Cannot use XGE Shader Compiler as Incredibuild is not installed on this machine.
[2021.06.05-12.57.57:835][  0]LogShaderCompilers: Display: Using Local Shader Compiler.
[2021.06.05-12.57.58:889][  0]LogDerivedDataCache: Display: Max Cache Size: 512 MB
[2021.06.05-12.57.58:952][  0]LogDerivedDataCache: Loaded boot cache 0.06s 79MB C:/Users/Taery/AppData/Local/UnrealEngine/4.25/DerivedDataCache/Boot.ddc.
[2021.06.05-12.57.58:952][  0]LogDerivedDataCache: Display: Loaded Boot cache: C:/Users/Taery/AppData/Local/UnrealEngine/4.25/DerivedDataCache/Boot.ddc
[2021.06.05-12.57.58:952][  0]LogDerivedDataCache: FDerivedDataBackendGraph:  Pak pak cache file ../../../../../../Unreal/TeamProject/DerivedDataCache/DDC.ddp not found, will not use a pak cache.
[2021.06.05-12.57.58:952][  0]LogDerivedDataCache: Unable to find inner node Pak for hierarchical cache Hierarchy.
[2021.06.05-12.57.58:952][  0]LogDerivedDataCache: FDerivedDataBackendGraph:  CompressedPak pak cache file ../../../../../../Unreal/TeamProject/DerivedDataCache/Compressed.ddp not found, will not use a pak cache.
[2021.06.05-12.57.58:952][  0]LogDerivedDataCache: Unable to find inner node CompressedPak for hierarchical cache Hierarchy.
[2021.06.05-12.57.58:963][  0]LogDerivedDataCache: Display: Pak cache opened for reading ../../../Engine/DerivedDataCache/Compressed.ddp.
[2021.06.05-12.57.58:963][  0]LogDerivedDataCache: FDerivedDataBackendGraph:  EnterprisePak pak cache file ../../../Enterprise/DerivedDataCache/Compressed.ddp not found, will not use a pak cache.
[2021.06.05-12.57.58:963][  0]LogDerivedDataCache: Unable to find inner node EnterprisePak for hierarchical cache Hierarchy.
[2021.06.05-12.57.58:965][  0]LogDerivedDataCache: Using Local data cache path C:/Users/Taery/AppData/Local/UnrealEngine/Common/DerivedDataCache: Writable
[2021.06.05-12.57.58:965][  0]LogDerivedDataCache: Shared data cache path not found in *engine.ini, will not use an Shared cache.
[2021.06.05-12.57.58:965][  0]LogDerivedDataCache: Unable to find inner node Shared for hierarchical cache Hierarchy.
[2021.06.05-12.57.59:031][  0]LogSlate: Using FreeType 2.10.0
[2021.06.05-12.57.59:031][  0]LogSlate: SlateFontServices - WITH_FREETYPE: 1, WITH_HARFBUZZ: 1
[2021.06.05-12.57.59:060][  0]LogAssetRegistry: FAssetRegistry took 0.0033 seconds to start up
[2021.06.05-12.57.59:380][  0]LogInit: Selected Device Profile: [Windows]
[2021.06.05-12.57.59:523][  0]LogMeshReduction: Using QuadricMeshReduction for automatic static mesh reduction
[2021.06.05-12.57.59:523][  0]LogMeshReduction: Using SimplygonMeshReduction for automatic skeletal mesh reduction
[2021.06.05-12.57.59:523][  0]LogMeshReduction: Using ProxyLODMeshReduction for automatic mesh merging
[2021.06.05-12.57.59:523][  0]LogMeshReduction: No distributed automatic mesh merging module available
[2021.06.05-12.57.59:523][  0]LogMeshMerging: No distributed automatic mesh merging module available
[2021.06.05-12.57.59:540][  0]LogNetVersion: TeamProject 1.0.0, NetCL: 13144385, EngineNetVer: 14, GameNetVer: 0 (Checksum: 498319962)
[2021.06.05-12.58.00:181][  0]LogAISub: UAISubsystem::UAISubsystem AISubsystem (0000016A06666180), frame # 0
[2021.06.05-12.58.00:181][  0]LogAISub: UAISubsystem::UAISubsystem AIPerceptionSystem (0000016A065E2AC0), frame # 0
[2021.06.05-12.58.00:183][  0]LogAISub: UAISubsystem::UAISubsystem EnvQueryManager (0000016A0662DE00), frame # 0
[2021.06.05-12.58.00:248][  0]LogPackageLocalizationCache: Processed 19 localized package path(s) for 1 prioritized culture(s) in 0.056456 seconds
[2021.06.05-12.58.00:254][  0]LogUObjectArray: 15917 objects as part of root set at end of initial load.
[2021.06.05-12.58.00:254][  0]LogUObjectAllocator: 3965568 out of 0 bytes used by permanent object pool.
[2021.06.05-12.58.00:254][  0]LogUObjectArray: CloseDisregardForGC: 0/0 objects in disregard for GC pool
[2021.06.05-12.58.00:706][  0]LogTcpMessaging: Initializing TcpMessaging bridge
[2021.06.05-12.58.00:711][  0]LogUdpMessaging: Initializing bridge on interface 0.0.0.0:0 to multicast group 230.0.0.1:6666.
[2021.06.05-12.58.00:811][  0]SourceControl: 소스 컨트롤이 꺼졌습니다.
[2021.06.05-12.58.00:811][  0]SourceControl: 소스 컨트롤이 꺼졌습니다.
[2021.06.05-12.58.00:816][  0]SourceControl: 소스 컨트롤이 꺼졌습니다.
[2021.06.05-12.58.00:819][  0]SourceControl: 소스 컨트롤이 꺼졌습니다.
[2021.06.05-12.58.00:832][  0]SourceControl: 소스 컨트롤이 꺼졌습니다.
[2021.06.05-12.58.01:136][  0]LogAndroidPermission: UAndroidPermissionCallbackProxy::GetInstance
[2021.06.05-12.58.01:158][  0]LogAudioCaptureCore: Display: No Audio Capture implementations found. Audio input will be silent.
[2021.06.05-12.58.01:158][  0]LogAudioCaptureCore: Display: No Audio Capture implementations found. Audio input will be silent.
[2021.06.05-12.58.01:220][  0]LogOcInput: OculusInput pre-init called
[2021.06.05-12.58.01:578][  0]LogEngine: Initializing Engine...
[2021.06.05-12.58.01:635][  0]LogHMD: Failed to initialize OpenVR with code 119
[2021.06.05-12.58.01:635][  0]LogMagicLeap: Warning: VR disabled because ZI is not enabled.  To enable, in the editor, Edit -> Project Settings -> Plugins -> Magic Leap Plugin -> Enable Zero Iteration
[2021.06.05-12.58.01:636][  0]LogStats: UGameplayTagsManager::InitializeManager -  0.000 s
[2021.06.05-12.58.01:819][  0]LogInit: Initializing FReadOnlyCVARCache
[2021.06.05-12.58.01:828][  0]LogAIModule: Creating AISystem for world Untitled
[2021.06.05-12.58.01:828][  0]LogAISub: UAISubsystem::UAISubsystem EnvQueryManager (0000016A10377C00), frame # 0
[2021.06.05-12.58.01:828][  0]LogAISub: UAISubsystem::UAISubsystem AIPerceptionSystem (0000016A1037FB00), frame # 0
[2021.06.05-12.58.01:833][  0]LogAudioMixer: Display: Audio Mixer Platform Settings:
[2021.06.05-12.58.01:833][  0]LogAudioMixer: Display: 	Sample Rate:						  48000
[2021.06.05-12.58.01:833][  0]LogAudioMixer: Display: 	Callback Buffer Frame Size Requested: 1024
[2021.06.05-12.58.01:833][  0]LogAudioMixer: Display: 	Callback Buffer Frame Size To Use:	  1024
[2021.06.05-12.58.01:833][  0]LogAudioMixer: Display: 	Number of buffers to queue:			  2
[2021.06.05-12.58.01:833][  0]LogAudioMixer: Display: 	Max Channels (voices):				  32
[2021.06.05-12.58.01:833][  0]LogAudioMixer: Display: 	Number of Async Source Workers:		  0
[2021.06.05-12.58.01:833][  0]LogAudio: Display: AudioDevice MaxSources: 32
[2021.06.05-12.58.01:833][  0]LogAudio: Display: Using built-in audio occlusion.
[2021.06.05-12.58.01:833][  0]LogAudioMixer: Display: Initializing audio mixer.
[2021.06.05-12.58.01:861][  0]LogAudioMixer: Display: 0: FrontLeft
[2021.06.05-12.58.01:861][  0]LogAudioMixer: Display: 1: FrontRight
[2021.06.05-12.58.01:954][  0]LogAudioMixer: Display: Using Audio Device 스피커(5- a22xt USB Audio driver)
[2021.06.05-12.58.01:954][  0]LogAudioMixer: Display: Initializing Sound Submixes...
[2021.06.05-12.58.01:957][  0]LogAudioMixer: Display: Creating Master Submix 'MasterSubmixDefault'
[2021.06.05-12.58.01:957][  0]LogAudioMixer: Display: Creating Master Submix 'MasterReverbSubmixDefault'
[2021.06.05-12.58.01:958][  0]LogAudioMixer: Display: Creating Master Submix 'MasterEQSubmixDefault'
[2021.06.05-12.58.01:959][  0]LogInit: FAudioDevice initialized.
[2021.06.05-12.58.01:959][  0]LogNetVersion: Set ProjectVersion to 1.0.0.0. Version Checksum will be recalculated on next use.
[2021.06.05-12.58.02:011][  0]LogDerivedDataCache: Saved boot cache 0.05s 79MB C:/Users/Taery/AppData/Local/UnrealEngine/4.25/DerivedDataCache/Boot.ddc.
[2021.06.05-12.58.02:012][  0]LogInit: Texture streaming: Enabled
[2021.06.05-12.58.02:031][  0]LogEngineSessionManager: EngineSessionManager initialized
[2021.06.05-12.58.02:031][  0]LogEditorSessionSummary: Verbose: Initializing EditorSessionSummaryWriter for editor session tracking
[2021.06.05-12.58.02:034][  0]LogEditorSessionSummary: EditorSessionSummaryWriter initialized
[2021.06.05-12.58.02:078][  0]LogInit: Transaction tracking system initialized
[2021.06.05-12.58.02:104][  0]BlueprintLog: New page: 에디터 로드
[2021.06.05-12.58.02:183][  0]LocalizationService: 현지화 서비스가 비활성화되었습니다.
[2021.06.05-12.58.02:711][  0]LogCook: Display: Max memory allowance for cook 16384mb min free memory 0mb
[2021.06.05-12.58.02:711][  0]LogCook: Display: Mobile HDR setting 1
[2021.06.05-12.58.02:817][  0]LogFileCache: Scanning file cache for directory 'C:/Unreal/TeamProject/Content/' took 0.00s
[2021.06.05-12.58.03:156][  0]SourceControl: 소스 컨트롤이 꺼졌습니다.
[2021.06.05-12.58.03:156][  0]LogUnrealEdMisc: Loading editor; pre map load, took 15.609
[2021.06.05-12.58.03:157][  0]Cmd: MAP LOAD FILE="../../../../../../Unreal/TeamProject/Content/Entry/Entry.umap" TEMPLATE=0 SHOWPROGRESS=1 FEATURELEVEL=3
[2021.06.05-12.58.03:157][  0]LightingResults: New page: 라이팅 빌드
[2021.06.05-12.58.03:158][  0]LogWorld: UWorld::CleanupWorld for Untitled, bSessionEnded=true, bCleanupResources=true
[2021.06.05-12.58.03:158][  0]LogSlate: InvalidateAllWidgets triggered.  All widgets were invalidated
[2021.06.05-12.58.03:158][  0]MapCheck: New page: 맵 체크
[2021.06.05-12.58.03:158][  0]LightingResults: New page: 라이팅 빌드
[2021.06.05-12.58.03:168][  0]LogAISub: UAISubsystem::~UAISubsystem EnvQueryManager (0000016A10377C00), frame # 0
[2021.06.05-12.58.03:168][  0]LogAISub: UAISubsystem::~UAISubsystem AIPerceptionSystem (0000016A1037FB00), frame # 0
[2021.06.05-12.58.03:169][  0]LogUObjectHash: Compacting FUObjectHashTables data took   0.79ms
[2021.06.05-12.58.03:195][  0]LogAIModule: Creating AISystem for world Entry
[2021.06.05-12.58.03:195][  0]LogAISub: UAISubsystem::UAISubsystem EnvQueryManager (0000016A198E7E00), frame # 0
[2021.06.05-12.58.03:195][  0]LogAISub: UAISubsystem::UAISubsystem AIPerceptionSystem (0000016A198EFB00), frame # 0
[2021.06.05-12.58.03:196][  0]LogEditorServer: Finished looking for orphan Actors (0.000 secs)
[2021.06.05-12.58.03:205][  0]LogUObjectHash: Compacting FUObjectHashTables data took   0.82ms
[2021.06.05-12.58.03:206][  0]Cmd: MAP CHECKDEP NOCLEARLOG
[2021.06.05-12.58.03:206][  0]MapCheck: 맵 체크 완료: 오류 0 회, 경고 0 회, 소요 시간 0.204ms.
[2021.06.05-12.58.03:206][  0]LogFileHelpers: Loading map 'Entry' took 0.049
[2021.06.05-12.58.03:208][  0]LogUnrealEdMisc: Total Editor Startup Time, took 15.660
[2021.06.05-12.58.03:811][  0]LogSlate: Updating window title bar state: overlay mode, drag disabled, window buttons hidden, title bar hidden
[2021.06.05-12.58.03:821][  0]LogSlate: Updating window title bar state: overlay mode, drag disabled, window buttons hidden, title bar hidden
[2021.06.05-12.58.03:829][  0]LogSlate: Updating window title bar state: overlay mode, drag disabled, window buttons hidden, title bar hidden
[2021.06.05-12.58.03:838][  0]LogSlate: Updating window title bar state: overlay mode, drag disabled, window buttons hidden, title bar hidden
[2021.06.05-12.58.03:846][  0]LogCollectionManager: Loaded 0 collections in 0.002080 seconds
[2021.06.05-12.58.03:864][  0]LogFileCache: Scanning file cache for directory 'C:/Unreal/TeamProject/Saved/Collections/' took 0.00s
[2021.06.05-12.58.03:864][  0]LogFileCache: Scanning file cache for directory 'C:/Unreal/TeamProject/Content/Developers/Taery/Collections/' took 0.00s
[2021.06.05-12.58.03:864][  0]LogFileCache: Scanning file cache for directory 'C:/Unreal/TeamProject/Content/Collections/' took 0.00s
[2021.06.05-12.58.03:864][  0]LogContentBrowser: Native class hierarchy populated in 0.0113 seconds. Added 3427 classes and 821 folders.
[2021.06.05-12.58.03:867][  0]LogContentBrowser: Native class hierarchy updated for 'WidgetCarousel' in 0.0003 seconds. Added 0 classes and 0 folders.
[2021.06.05-12.58.03:945][  0]LogContentBrowser: Native class hierarchy updated for 'AddContentDialog' in 0.0003 seconds. Added 0 classes and 0 folders.
[2021.06.05-12.58.03:949][  0]LogContentBrowser: Native class hierarchy updated for 'SceneOutliner' in 0.0003 seconds. Added 2 classes and 0 folders.
[2021.06.05-12.58.04:048][  0]LogSlate: Took 0.000229 seconds to synchronously load lazily loaded font '../../../Engine/Content/Slate/Fonts/Roboto-Regular.ttf' (155K)
[2021.06.05-12.58.04:051][  0]LogSlate: Took 0.002162 seconds to synchronously load lazily loaded font '../../../Engine/Content/Editor/Slate/Fonts/NanumGothic.ttf' (4243K)
[2021.06.05-12.58.04:055][  0]LogSlate: Took 0.002307 seconds to synchronously load lazily loaded font '../../../Engine/Content/Editor/Slate/Fonts/NanumGothicBold.ttf' (4188K)
[2021.06.05-12.58.04:055][  0]LogSlate: Took 0.000178 seconds to synchronously load lazily loaded font '../../../Engine/Content/Slate/Fonts/Roboto-Bold.ttf' (160K)
[2021.06.05-12.58.04:059][  0]LogSlate: Took 0.000132 seconds to synchronously load lazily loaded font '../../../Engine/Content/Editor/Slate/Fonts/FontAwesome.ttf' (139K)
[2021.06.05-12.58.04:132][  0]LogRenderer: Reallocating scene render targets to support 1176x480 Format 10 NumSamples 1 (Frame:1).
[2021.06.05-12.58.04:228][  0]LogContentBrowser: Native class hierarchy updated for 'HierarchicalLODOutliner' in 0.0003 seconds. Added 0 classes and 0 folders.
[2021.06.05-12.58.04:229][  0]LogLoad: (Engine Initialization) Total time: 16.68 seconds
[2021.06.05-12.58.04:229][  0]LogLoad: (Engine Initialization) Total Blueprint compile time: 0.00 seconds
[2021.06.05-12.58.04:288][  0]LogAssetRegistry: Asset discovery search completed in 5.2291 seconds
[2021.06.05-12.58.04:292][  0]LogCollectionManager: Fixed up redirectors for 0 collections in 0.000003 seconds (updated 0 objects)
[2021.06.05-12.58.04:294][  0]LogContentStreaming: Texture pool size now 1000 MB
[2021.06.05-12.58.04:329][  0]LogSlate: Took 0.000187 seconds to synchronously load lazily loaded font '../../../Engine/Content/Slate/Fonts/Roboto-Light.ttf' (167K)
[2021.06.05-12.58.23:480][259]LogSlate: Took 0.000149 seconds to synchronously load lazily loaded font '../../../Engine/Content/Slate/Fonts/Roboto-Light.ttf' (167K)
[2021.06.05-12.58.23:682][259]LogSkeletalMesh: Building Skeletal Mesh SK_Mannequin...
[2021.06.05-12.58.23:799][259]LogSkeletalMesh: Built Skeletal Mesh [0.12s] /Game/차승준-캐릭터/Mesh/SK_Mannequin.SK_Mannequin
[2021.06.05-12.58.23:855][259]LogMetaData: Removing '/Game/Taeryong/Entry/WG_Entry.WG_Entry_C' ref from Metadata '/Game/이태룡-위젯/Entry/WG_Entry.PackageMetaData'
[2021.06.05-12.58.23:855][259]LogMetaData: Removing '/Game/Taeryong/Entry/WG_Entry.SKEL_WG_Entry_C:BndEvt__Button_GameMake_K2Node_ComponentBoundEvent_0_OnButtonClickedEvent__DelegateSignature' ref from Metadata '/Game/이태룡-위젯/Entry/WG_Entry.PackageMetaData'
[2021.06.05-12.58.23:855][259]LogMetaData: Removing '/Game/Taeryong/Entry/WG_Entry.SKEL_WG_Entry_C:BndEvt__Button_GameJoin_K2Node_ComponentBoundEvent_1_OnButtonClickedEvent__DelegateSignature' ref from Metadata '/Game/이태룡-위젯/Entry/WG_Entry.PackageMetaData'
[2021.06.05-12.58.23:855][259]LogMetaData: Removing '/Game/Taeryong/Entry/WG_Entry.SKEL_WG_Entry_C' ref from Metadata '/Game/이태룡-위젯/Entry/WG_Entry.PackageMetaData'
[2021.06.05-12.58.23:855][259]LogMetaData: Removing '/Game/Taeryong/Entry/WG_Entry.WG_Entry_C:OnSuccess_31885B054F205B5F62F03A82A5FEC5CE' ref from Metadata '/Game/이태룡-위젯/Entry/WG_Entry.PackageMetaData'
[2021.06.05-12.58.23:855][259]LogMetaData: Removing '/Game/Taeryong/Entry/WG_Entry.WG_Entry_C:OnFailure_31885B054F205B5F62F03A82A5FEC5CE' ref from Metadata '/Game/이태룡-위젯/Entry/WG_Entry.PackageMetaData'
[2021.06.05-12.58.23:859][259]LogMetaData: Removing '/Game/Taeryong/Entry/BP_EntryHud.BP_EntryHud_C' ref from Metadata '/Game/이태룡-위젯/Entry/BP_EntryHud.PackageMetaData'
[2021.06.05-12.58.23:859][259]LogMetaData: Removing '/Game/Taeryong/Entry/BP_EntryHud.BP_EntryHud:EventGraph.K2Node_Event_0' ref from Metadata '/Game/이태룡-위젯/Entry/BP_EntryHud.PackageMetaData'
[2021.06.05-12.58.23:859][259]LogMetaData: Removing '/Game/Taeryong/Entry/BP_EntryHud.BP_EntryHud:EventGraph.K2Node_Event_1' ref from Metadata '/Game/이태룡-위젯/Entry/BP_EntryHud.PackageMetaData'
[2021.06.05-12.58.23:859][259]LogMetaData: Removing '/Game/Taeryong/Entry/BP_EntryHud.BP_EntryHud:EventGraph.K2Node_Event_2' ref from Metadata '/Game/이태룡-위젯/Entry/BP_EntryHud.PackageMetaData'
[2021.06.05-12.58.23:859][259]LogMetaData: Removing '/Game/Taeryong/Entry/BP_EntryHud.BP_EntryHud:UserConstructionScript.K2Node_FunctionEntry_0' ref from Metadata '/Game/이태룡-위젯/Entry/BP_EntryHud.PackageMetaData'
[2021.06.05-12.58.23:859][259]LogMetaData: Removing '/Game/Taeryong/Entry/BP_EntryHud.SKEL_BP_EntryHud_C:ReceiveBeginPlay' ref from Metadata '/Game/이태룡-위젯/Entry/BP_EntryHud.PackageMetaData'
[2021.06.05-12.58.23:859][259]LogMetaData: Removing '/Game/Taeryong/Entry/BP_EntryHud.SKEL_BP_EntryHud_C:ReceiveActorBeginOverlap' ref from Metadata '/Game/이태룡-위젯/Entry/BP_EntryHud.PackageMetaData'
[2021.06.05-12.58.23:859][259]LogMetaData: Removing '/Game/Taeryong/Entry/BP_EntryHud.SKEL_BP_EntryHud_C:ReceiveTick' ref from Metadata '/Game/이태룡-위젯/Entry/BP_EntryHud.PackageMetaData'
[2021.06.05-12.58.23:859][259]LogMetaData: Removing '/Game/Taeryong/Entry/BP_EntryHud.SKEL_BP_EntryHud_C:UserConstructionScript' ref from Metadata '/Game/이태룡-위젯/Entry/BP_EntryHud.PackageMetaData'
[2021.06.05-12.58.23:859][259]LogMetaData: Removing '/Game/Taeryong/Entry/BP_EntryHud.SKEL_BP_EntryHud_C' ref from Metadata '/Game/이태룡-위젯/Entry/BP_EntryHud.PackageMetaData'
[2021.06.05-12.58.23:859][259]LogMetaData: Removing '/Game/Taeryong/Entry/BP_EntryHud.BP_EntryHud_C:ReceiveBeginPlay' ref from Metadata '/Game/이태룡-위젯/Entry/BP_EntryHud.PackageMetaData'
[2021.06.05-12.58.23:863][259]LogMetaData: Removing '/Game/Taeryong/Game/BP_GameLevelHud.BP_GameLevelHud_C' ref from Metadata '/Game/이태룡-위젯/Game/BP_GameLevelHud.PackageMetaData'
[2021.06.05-12.58.23:863][259]LogMetaData: Removing '/Game/Taeryong/Game/BP_GameLevelHud.BP_GameLevelHud:EventGraph.K2Node_Event_0' ref from Metadata '/Game/이태룡-위젯/Game/BP_GameLevelHud.PackageMetaData'
[2021.06.05-12.58.23:863][259]LogMetaData: Removing '/Game/Taeryong/Game/BP_GameLevelHud.BP_GameLevelHud:EventGraph.K2Node_Event_1' ref from Metadata '/Game/이태룡-위젯/Game/BP_GameLevelHud.PackageMetaData'
[2021.06.05-12.58.23:863][259]LogMetaData: Removing '/Game/Taeryong/Game/BP_GameLevelHud.BP_GameLevelHud:EventGraph.K2Node_Event_2' ref from Metadata '/Game/이태룡-위젯/Game/BP_GameLevelHud.PackageMetaData'
[2021.06.05-12.58.23:863][259]LogMetaData: Removing '/Game/Taeryong/Game/BP_GameLevelHud.BP_GameLevelHud:UserConstructionScript.K2Node_FunctionEntry_0' ref from Metadata '/Game/이태룡-위젯/Game/BP_GameLevelHud.PackageMetaData'
[2021.06.05-12.58.23:863][259]LogMetaData: Removing '/Game/Taeryong/Game/BP_GameLevelHud.SKEL_BP_GameLevelHud_C:ReceiveBeginPlay' ref from Metadata '/Game/이태룡-위젯/Game/BP_GameLevelHud.PackageMetaData'
[2021.06.05-12.58.23:863][259]LogMetaData: Removing '/Game/Taeryong/Game/BP_GameLevelHud.SKEL_BP_GameLevelHud_C:ReceiveActorBeginOverlap' ref from Metadata '/Game/이태룡-위젯/Game/BP_GameLevelHud.PackageMetaData'
[2021.06.05-12.58.23:863][259]LogMetaData: Removing '/Game/Taeryong/Game/BP_GameLevelHud.SKEL_BP_GameLevelHud_C:ReceiveTick' ref from Metadata '/Game/이태룡-위젯/Game/BP_GameLevelHud.PackageMetaData'
[2021.06.05-12.58.23:863][259]LogMetaData: Removing '/Game/Taeryong/Game/BP_GameLevelHud.SKEL_BP_GameLevelHud_C:UserConstructionScript' ref from Metadata '/Game/이태룡-위젯/Game/BP_GameLevelHud.PackageMetaData'
[2021.06.05-12.58.23:863][259]LogMetaData: Removing '/Game/Taeryong/Game/BP_GameLevelHud.SKEL_BP_GameLevelHud_C' ref from Metadata '/Game/이태룡-위젯/Game/BP_GameLevelHud.PackageMetaData'
[2021.06.05-12.58.23:869][259]LogMetaData: Removing '/Game/Taeryong/Lobby/BP_LobbyHud.BP_LobbyHud_C' ref from Metadata '/Game/이태룡-위젯/Lobby/BP_LobbyHud.PackageMetaData'
[2021.06.05-12.58.23:869][259]LogMetaData: Removing '/Game/Taeryong/Lobby/BP_LobbyHud.BP_LobbyHud:EventGraph.K2Node_Event_0' ref from Metadata '/Game/이태룡-위젯/Lobby/BP_LobbyHud.PackageMetaData'
[2021.06.05-12.58.23:869][259]LogMetaData: Removing '/Game/Taeryong/Lobby/BP_LobbyHud.BP_LobbyHud:EventGraph.K2Node_Event_1' ref from Metadata '/Game/이태룡-위젯/Lobby/BP_LobbyHud.PackageMetaData'
[2021.06.05-12.58.23:869][259]LogMetaData: Removing '/Game/Taeryong/Lobby/BP_LobbyHud.BP_LobbyHud:EventGraph.K2Node_Event_2' ref from Metadata '/Game/이태룡-위젯/Lobby/BP_LobbyHud.PackageMetaData'
[2021.06.05-12.58.23:869][259]LogMetaData: Removing '/Game/Taeryong/Lobby/BP_LobbyHud.BP_LobbyHud:UserConstructionScript.K2Node_FunctionEntry_0' ref from Metadata '/Game/이태룡-위젯/Lobby/BP_LobbyHud.PackageMetaData'
[2021.06.05-12.58.23:869][259]LogMetaData: Removing '/Game/Taeryong/Lobby/BP_LobbyHud.SKEL_BP_LobbyHud_C:ReceiveBeginPlay' ref from Metadata '/Game/이태룡-위젯/Lobby/BP_LobbyHud.PackageMetaData'
[2021.06.05-12.58.23:869][259]LogMetaData: Removing '/Game/Taeryong/Lobby/BP_LobbyHud.SKEL_BP_LobbyHud_C:ReceiveActorBeginOverlap' ref from Metadata '/Game/이태룡-위젯/Lobby/BP_LobbyHud.PackageMetaData'
[2021.06.05-12.58.23:869][259]LogMetaData: Removing '/Game/Taeryong/Lobby/BP_LobbyHud.SKEL_BP_LobbyHud_C:ReceiveTick' ref from Metadata '/Game/이태룡-위젯/Lobby/BP_LobbyHud.PackageMetaData'
[2021.06.05-12.58.23:869][259]LogMetaData: Removing '/Game/Taeryong/Lobby/BP_LobbyHud.SKEL_BP_LobbyHud_C:UserConstructionScript' ref from Metadata '/Game/이태룡-위젯/Lobby/BP_LobbyHud.PackageMetaData'
[2021.06.05-12.58.23:870][259]LogMetaData: Removing '/Game/Taeryong/Lobby/BP_LobbyHud.SKEL_BP_LobbyHud_C' ref from Metadata '/Game/이태룡-위젯/Lobby/BP_LobbyHud.PackageMetaData'
[2021.06.05-12.58.23:870][259]LogMetaData: Removing '/Game/Taeryong/Lobby/BP_LobbyHud.BP_LobbyHud_C:ReceiveBeginPlay' ref from Metadata '/Game/이태룡-위젯/Lobby/BP_LobbyHud.PackageMetaData'
[2021.06.05-12.58.23:873][259]LogMetaData: Removing '/Game/Taeryong/Lobby/WG_Lobby.WG_Lobby_C' ref from Metadata '/Game/이태룡-위젯/Lobby/WG_Lobby.PackageMetaData'
[2021.06.05-12.58.23:874][259]LogMetaData: Removing '/Game/Taeryong/Lobby/WG_Lobby.SKEL_WG_Lobby_C:BndEvt__Button_GameStart_K2Node_ComponentBoundEvent_0_OnButtonClickedEvent__DelegateSignature' ref from Metadata '/Game/이태룡-위젯/Lobby/WG_Lobby.PackageMetaData'
[2021.06.05-12.58.23:874][259]LogMetaData: Removing '/Game/Taeryong/Lobby/WG_Lobby.SKEL_WG_Lobby_C' ref from Metadata '/Game/이태룡-위젯/Lobby/WG_Lobby.PackageMetaData'
[2021.06.05-12.58.23:907][259]Cmd: OBJ SAVEPACKAGE PACKAGE="/Game/Taeryong/Entry/WG_Entry" FILE="../../../../../../Unreal/TeamProject/Content/Taeryong/Entry/WG_Entry.uasset" SILENT=true
[2021.06.05-12.58.23:923][259]LogSavePackage: Moving '../../../../../../Unreal/TeamProject/Saved/WG_Entry0559DF094492A058BEF4D2BAA40BCC3B.tmp' to '../../../../../../Unreal/TeamProject/Content/Taeryong/Entry/WG_Entry.uasset'
[2021.06.05-12.58.23:924][259]Cmd: OBJ SAVEPACKAGE PACKAGE="/Game/Taeryong/Entry/BP_EntryHud" FILE="../../../../../../Unreal/TeamProject/Content/Taeryong/Entry/BP_EntryHud.uasset" SILENT=true
[2021.06.05-12.58.23:932][259]LogSavePackage: Moving '../../../../../../Unreal/TeamProject/Saved/BP_EntryHud4F3AD98F4CD3FD9F0D2F5087A41BAEA1.tmp' to '../../../../../../Unreal/TeamProject/Content/Taeryong/Entry/BP_EntryHud.uasset'
[2021.06.05-12.58.23:933][259]Cmd: OBJ SAVEPACKAGE PACKAGE="/Game/Taeryong/Game/BP_GameLevelHud" FILE="../../../../../../Unreal/TeamProject/Content/Taeryong/Game/BP_GameLevelHud.uasset" SILENT=true
[2021.06.05-12.58.23:939][259]LogSavePackage: Moving '../../../../../../Unreal/TeamProject/Saved/BP_GameLevelHud6B90C6AE4F94FDC9493FF093A1232A96.tmp' to '../../../../../../Unreal/TeamProject/Content/Taeryong/Game/BP_GameLevelHud.uasset'
[2021.06.05-12.58.23:941][259]Cmd: OBJ SAVEPACKAGE PACKAGE="/Game/Taeryong/Lobby/BP_LobbyHud" FILE="../../../../../../Unreal/TeamProject/Content/Taeryong/Lobby/BP_LobbyHud.uasset" SILENT=true
[2021.06.05-12.58.23:948][259]LogSavePackage: Moving '../../../../../../Unreal/TeamProject/Saved/BP_LobbyHudCA1BDBBF444A243654857CA7BE579282.tmp' to '../../../../../../Unreal/TeamProject/Content/Taeryong/Lobby/BP_LobbyHud.uasset'
[2021.06.05-12.58.23:949][259]Cmd: OBJ SAVEPACKAGE PACKAGE="/Game/Taeryong/Lobby/WG_Lobby" FILE="../../../../../../Unreal/TeamProject/Content/Taeryong/Lobby/WG_Lobby.uasset" SILENT=true
[2021.06.05-12.58.23:956][259]LogSavePackage: Moving '../../../../../../Unreal/TeamProject/Saved/WG_LobbyC7D3B36142A0153CD599C798F6238270.tmp' to '../../../../../../Unreal/TeamProject/Content/Taeryong/Lobby/WG_Lobby.uasset'
[2021.06.05-12.58.24:183][259]LogUObjectHash: Compacting FUObjectHashTables data took   0.98ms
[2021.06.05-12.58.24:193][259]LogUObjectHash: Compacting FUObjectHashTables data took   0.28ms
[2021.06.05-12.58.24:202][259]LogUObjectHash: Compacting FUObjectHashTables data took   0.27ms
[2021.06.05-12.58.24:212][259]LogUObjectHash: Compacting FUObjectHashTables data took   0.26ms
[2021.06.05-12.58.24:221][259]LogUObjectHash: Compacting FUObjectHashTables data took   0.26ms
[2021.06.05-12.58.24:239][259]LogUObjectHash: Compacting FUObjectHashTables data took   0.73ms
[2021.06.05-12.58.24:248][259]LogUObjectHash: Compacting FUObjectHashTables data took   0.27ms
[2021.06.05-12.58.24:271][259]Cmd: OBJ SAVEPACKAGE PACKAGE="/Game/Entry/BP_EntryGameMode" FILE="../../../../../../Unreal/TeamProject/Content/Entry/BP_EntryGameMode.uasset" SILENT=true
[2021.06.05-12.58.24:286][259]LogSavePackage: Moving '../../../../../../Unreal/TeamProject/Saved/BP_EntryGameMode7C077CC4403FE61151AC15AE7A9C0119.tmp' to '../../../../../../Unreal/TeamProject/Content/Entry/BP_EntryGameMode.uasset'
[2021.06.05-12.58.24:288][259]Cmd: OBJ SAVEPACKAGE PACKAGE="/Game/Game/BP_GameLevelGameMode" FILE="../../../../../../Unreal/TeamProject/Content/Game/BP_GameLevelGameMode.uasset" SILENT=true
[2021.06.05-12.58.24:314][259]LogSavePackage: Moving '../../../../../../Unreal/TeamProject/Saved/BP_GameLevelGameMode5ABB3D74492191C9394B019349BBFC30.tmp' to '../../../../../../Unreal/TeamProject/Content/Game/BP_GameLevelGameMode.uasset'
[2021.06.05-12.58.24:315][259]Cmd: OBJ SAVEPACKAGE PACKAGE="/Game/Lobby/BP_LobbyGameMode" FILE="../../../../../../Unreal/TeamProject/Content/Lobby/BP_LobbyGameMode.uasset" SILENT=true
[2021.06.05-12.58.24:330][259]LogSavePackage: Moving '../../../../../../Unreal/TeamProject/Saved/BP_LobbyGameMode994134F84D4AAEA3EE8AAC81BE6A9E74.tmp' to '../../../../../../Unreal/TeamProject/Content/Lobby/BP_LobbyGameMode.uasset'
[2021.06.05-12.58.24:375][259]AssetCheck: New page: 애셋 저장: 애셋이 다수입니다.
[2021.06.05-12.58.24:375][259]LogContentValidation: Display: WidgetBlueprint /Game/Taeryong/Entry/WG_Entry.WG_Entry 유효성 검사
[2021.06.05-12.58.24:375][259]LogContentValidation: Display: Blueprint /Game/Taeryong/Entry/BP_EntryHud.BP_EntryHud 유효성 검사
[2021.06.05-12.58.24:375][259]LogContentValidation: Display: Blueprint /Game/Taeryong/Game/BP_GameLevelHud.BP_GameLevelHud 유효성 검사
[2021.06.05-12.58.24:375][259]LogContentValidation: Display: Blueprint /Game/Taeryong/Lobby/BP_LobbyHud.BP_LobbyHud 유효성 검사
[2021.06.05-12.58.24:375][259]LogContentValidation: Display: WidgetBlueprint /Game/Taeryong/Lobby/WG_Lobby.WG_Lobby 유효성 검사
[2021.06.05-12.58.24:375][259]LogContentValidation: Display: Blueprint /Game/Entry/BP_EntryGameMode.BP_EntryGameMode 유효성 검사
[2021.06.05-12.58.24:375][259]LogContentValidation: Display: Blueprint /Game/Game/BP_GameLevelGameMode.BP_GameLevelGameMode 유효성 검사
[2021.06.05-12.58.24:375][259]LogContentValidation: Display: Blueprint /Game/Lobby/BP_LobbyGameMode.BP_LobbyGameMode 유효성 검사
